<?xml version="1.0" encoding="UTF-8"?>
<testng-results ignored="0" total="3" passed="3" failed="0" skipped="0">
  <reporter-output>
  </reporter-output>
  <suite started-at="2024-03-27T15:23:08Z" name="Default suite" finished-at="2024-03-27T15:24:29Z" duration-ms="81047">
    <groups>
    </groups>
    <test started-at="2024-03-27T15:23:08Z" name="Default test" finished-at="2024-03-27T15:24:29Z" duration-ms="81047">
      <class name="testSuites.TestCases">
        <test-method is-config="true" signature="invokeBrowser()[pri:0, instance:testSuites.TestCases@49872d67]" started-at="2024-03-27T15:23:08Z" name="invokeBrowser" finished-at="2024-03-27T15:23:17Z" duration-ms="9638" status="PASS">
          <reporter-output>
          </reporter-output>
        </test-method> <!-- invokeBrowser -->
        <test-method signature="hospitalNames()[pri:1, instance:testSuites.TestCases@49872d67]" started-at="2024-03-27T15:23:17Z" name="hospitalNames" finished-at="2024-03-27T15:23:57Z" duration-ms="39714" status="PASS">
          <reporter-output>
          </reporter-output>
        </test-method> <!-- hospitalNames -->
        <test-method signature="TopCities()[pri:2, instance:testSuites.TestCases@49872d67]" started-at="2024-03-27T15:23:57Z" name="TopCities" finished-at="2024-03-27T15:24:01Z" duration-ms="3998" status="PASS">
          <reporter-output>
          </reporter-output>
        </test-method> <!-- TopCities -->
        <test-method signature="corporateWellness()[pri:3, instance:testSuites.TestCases@49872d67]" started-at="2024-03-27T15:24:01Z" name="corporateWellness" finished-at="2024-03-27T15:24:27Z" duration-ms="25998" status="PASS">
          <reporter-output>
          </reporter-output>
        </test-method> <!-- corporateWellness -->
        <test-method is-config="true" signature="closeBrowser()[pri:0, instance:testSuites.TestCases@49872d67]" started-at="2024-03-27T15:24:27Z" name="closeBrowser" finished-at="2024-03-27T15:24:29Z" duration-ms="1669" status="PASS">
          <reporter-output>
          </reporter-output>
        </test-method> <!-- closeBrowser -->
      </class> <!-- testSuites.TestCases -->
    </test> <!-- Default test -->
  </suite> <!-- Default suite -->
</testng-results>
